c:\users\mreid\desktop\tf2-internal-base-main\obj\clientmode.obj
c:\users\mreid\desktop\tf2-internal-base-main\obj\tfweaponbase.obj
c:\users\mreid\desktop\tf2-internal-base-main\obj\c_func_capture_zone.obj
c:\users\mreid\desktop\tf2-internal-base-main\obj\sseconst.obj
c:\users\mreid\desktop\tf2-internal-base-main\obj\studio_generic_io.obj
c:\users\mreid\desktop\tf2-internal-base-main\obj\checksum_crc.obj
c:\users\mreid\desktop\tf2-internal-base-main\obj\utlsymbol.obj
c:\users\mreid\desktop\tf2-internal-base-main\obj\prediction.obj
c:\users\mreid\desktop\tf2-internal-base-main\obj\modelrender.obj
c:\users\mreid\desktop\tf2-internal-base-main\obj\random.obj
c:\users\mreid\desktop\tf2-internal-base-main\obj\ivguimodule.obj
c:\users\mreid\desktop\tf2-internal-base-main\obj\lightdesc.obj
c:\users\mreid\desktop\tf2-internal-base-main\obj\dt_utlvector_common.obj
c:\users\mreid\desktop\tf2-internal-base-main\obj\dynfunction.obj
c:\users\mreid\desktop\tf2-internal-base-main\obj\interface.obj
c:\users\mreid\desktop\tf2-internal-base-main\obj\interfaces.obj
c:\users\mreid\desktop\tf2-internal-base-main\obj\dllmain.obj
c:\users\mreid\desktop\tf2-internal-base-main\obj\sequencetransitioner.obj
c:\users\mreid\desktop\tf2-internal-base-main\obj\util_shared.obj
c:\users\mreid\desktop\tf2-internal-base-main\obj\vmatrix.obj
c:\users\mreid\desktop\tf2-internal-base-main\obj\bonelist.obj
c:\users\mreid\desktop\tf2-internal-base-main\obj\characterset.obj
c:\users\mreid\desktop\tf2-internal-base-main\obj\checksum_sha1.obj
c:\users\mreid\desktop\tf2-internal-base-main\obj\datamanager.obj
c:\users\mreid\desktop\tf2-internal-base-main\obj\offsets.obj
c:\users\mreid\desktop\tf2-internal-base-main\obj\esp.obj
c:\users\mreid\desktop\tf2-internal-base-main\obj\netchannel.obj
c:\users\mreid\desktop\tf2-internal-base-main\obj\drawmanager.obj
c:\users\mreid\desktop\tf2-internal-base-main\obj\vector.obj
c:\users\mreid\desktop\tf2-internal-base-main\obj\toolframework.obj
c:\users\mreid\desktop\tf2-internal-base-main\obj\bitbuf.obj
c:\users\mreid\desktop\tf2-internal-base-main\obj\utlstring.obj
c:\users\mreid\desktop\tf2-internal-base-main\obj\cl_main.obj
c:\users\mreid\desktop\tf2-internal-base-main\obj\vguipanel.obj
c:\users\mreid\desktop\tf2-internal-base-main\obj\usercmd.obj
c:\users\mreid\desktop\tf2-internal-base-main\obj\simdvectormatrix.obj
c:\users\mreid\desktop\tf2-internal-base-main\obj\phonemeconverter.obj
c:\users\mreid\desktop\tf2-internal-base-main\obj\platform.obj
c:\users\mreid\desktop\tf2-internal-base-main\obj\utlbinaryblock.obj
c:\users\mreid\desktop\tf2-internal-base-main\obj\vars.obj
c:\users\mreid\desktop\tf2-internal-base-main\obj\enginevgui.obj
c:\users\mreid\desktop\tf2-internal-base-main\obj\view_scene.obj
c:\users\mreid\desktop\tf2-internal-base-main\obj\tf_shareddefs.obj
c:\users\mreid\desktop\tf2-internal-base-main\obj\sparse_convolution_noise.obj
c:\users\mreid\desktop\tf2-internal-base-main\obj\simple_physics.obj
c:\users\mreid\desktop\tf2-internal-base-main\obj\security.obj
c:\users\mreid\desktop\tf2-internal-base-main\obj\strtools_unicode.obj
c:\users\mreid\desktop\tf2-internal-base-main\obj\entry.obj
c:\users\mreid\desktop\tf2-internal-base-main\obj\c_tf_player.obj
c:\users\mreid\desktop\tf2-internal-base-main\obj\keyvalues.obj
c:\users\mreid\desktop\tf2-internal-base-main\obj\bumbvects.obj
c:\users\mreid\desktop\tf2-internal-base-main\obj\bone_setup.obj
c:\users\mreid\desktop\tf2-internal-base-main\obj\client_class.obj
c:\users\mreid\desktop\tf2-internal-base-main\obj\cpumonitoring.obj
c:\users\mreid\desktop\tf2-internal-base-main\obj\splitstring.obj
c:\users\mreid\desktop\tf2-internal-base-main\obj\aimbot.obj
c:\users\mreid\desktop\tf2-internal-base-main\obj\netmessages.obj
c:\users\mreid\desktop\tf2-internal-base-main\obj\tf_weaponbase.obj
c:\users\mreid\desktop\tf2-internal-base-main\obj\color_conversion.obj
c:\users\mreid\desktop\tf2-internal-base-main\obj\collisionutils.obj
c:\users\mreid\desktop\tf2-internal-base-main\obj\cpu.obj
c:\users\mreid\desktop\tf2-internal-base-main\obj\generichash.obj
c:\users\mreid\desktop\tf2-internal-base-main\obj\keyvaluesmacros.obj
c:\users\mreid\desktop\tf2-internal-base-main\obj\cliententitylist.obj
c:\users\mreid\desktop\tf2-internal-base-main\obj\convars.obj
c:\users\mreid\desktop\tf2-internal-base-main\obj\c_baseobject.obj
c:\users\mreid\desktop\tf2-internal-base-main\obj\sse.obj
c:\users\mreid\desktop\tf2-internal-base-main\obj\studio.obj
c:\users\mreid\desktop\tf2-internal-base-main\obj\byteswap.obj
c:\users\mreid\desktop\tf2-internal-base-main\obj\meshutils.obj
c:\users\mreid\desktop\tf2-internal-base-main\obj\vconfig.obj
c:\users\mreid\desktop\tf2-internal-base-main\obj\baseplayer.obj
c:\users\mreid\desktop\tf2-internal-base-main\obj\cdll_util.obj
c:\users\mreid\desktop\tf2-internal-base-main\obj\c_tf_mvm_boss_progress_user.obj
c:\users\mreid\desktop\tf2-internal-base-main\obj\randsse.obj
c:\users\mreid\desktop\tf2-internal-base-main\obj\materialsystemutil.obj
c:\users\mreid\desktop\tf2-internal-base-main\obj\threadtools.obj
c:\users\mreid\desktop\tf2-internal-base-main\obj\utlbuffer.obj
c:\users\mreid\desktop\tf2-internal-base-main\obj\client.obj
c:\users\mreid\desktop\tf2-internal-base-main\obj\glow_outline_effect.obj
c:\users\mreid\desktop\tf2-internal-base-main\obj\camera.obj
c:\users\mreid\desktop\tf2-internal-base-main\obj\anorms.obj
c:\users\mreid\desktop\tf2-internal-base-main\obj\bone_accessor.obj
c:\users\mreid\desktop\tf2-internal-base-main\obj\fasttimer.obj
c:\users\mreid\desktop\tf2-internal-base-main\obj\stringpool.obj
c:\users\mreid\desktop\tf2-internal-base-main\obj\clientprediction.obj
c:\users\mreid\desktop\tf2-internal-base-main\obj\viewrender.obj
c:\users\mreid\desktop\tf2-internal-base-main\obj\imageformat.obj
c:\users\mreid\desktop\tf2-internal-base-main\obj\polyhedron.obj
c:\users\mreid\desktop\tf2-internal-base-main\obj\stringregistry.obj
c:\users\mreid\desktop\tf2-internal-base-main\obj\systeminformation.obj
c:\users\mreid\desktop\tf2-internal-base-main\obj\utlbufferutil.obj
c:\users\mreid\desktop\tf2-internal-base-main\obj\triggerbot.obj
c:\users\mreid\desktop\tf2-internal-base-main\obj\hinput.obj
c:\users\mreid\desktop\tf2-internal-base-main\obj\info_key.obj
c:\users\mreid\desktop\tf2-internal-base-main\obj\icekey.obj
c:\users\mreid\desktop\tf2-internal-base-main\obj\mathlib_base.obj
c:\users\mreid\desktop\tf2-internal-base-main\obj\interpolatortypes.obj
c:\users\mreid\desktop\tf2-internal-base-main\obj\unicodefilehelpers.obj
c:\users\mreid\desktop\tf2-internal-base-main\obj\strtools.obj
c:\users\mreid\desktop\tf2-internal-base-main\obj\pattern.obj
c:\users\mreid\desktop\tf2-internal-base-main\obj\engineclient.obj
c:\users\mreid\desktop\tf2-internal-base-main\obj\hooks.obj
c:\users\mreid\desktop\tf2-internal-base-main\obj\sdk.obj
c:\users\mreid\desktop\tf2-internal-base-main\obj\ssenoise.obj
c:\users\mreid\desktop\tf2-internal-base-main\obj\studio_virtualmodel.obj
c:\users\mreid\desktop\tf2-internal-base-main\obj\checksum_md5.obj
c:\users\mreid\desktop\tf2-internal-base-main\obj\camerautils.obj
c:\users\mreid\desktop\tf2-internal-base-main\obj\baseentity.obj
c:\users\mreid\desktop\tf2-internal-base-main\obj\tfplayer.obj
c:\users\mreid\desktop\tf2-internal-base-main\obj\bitmap.obj
c:\users\mreid\desktop\tf2-internal-base-main\obj\halton.obj
c:\users\mreid\desktop\tf2-internal-base-main\obj\dt_recv.obj
c:\users\mreid\desktop\tf2-internal-base-main\obj\vallocator.obj
c:\users\mreid\desktop\tf2-internal-base-main\obj\convar.obj
c:\users\mreid\desktop\tf2-internal-base-main\obj\vfunc.obj
c:\users\mreid\desktop\tf2-internal-base-main\obj\misc.obj
c:\users\mreid\desktop\tf2-internal-base-main\obj\wndproc.obj
c:\users\mreid\desktop\tf2-internal-base-main\obj\3dnow.obj
c:\users\mreid\desktop\tf2-internal-base-main\obj\powsse.obj
c:\users\mreid\desktop\tf2-internal-base-main\obj\map_utils.obj
c:\users\mreid\desktop\tf2-internal-base-main\obj\cpu_usage.obj
c:\users\mreid\desktop\tf2-internal-base-main\obj\newbitbuf.obj
c:\users\mreid\desktop\tf2-internal-base-main\obj\netvarmanager.obj
c:\users\mreid\desktop\tf2-internal-base-main\obj\vc143.pdb
c:\users\mreid\desktop\tf2-internal-base-main\obj\hde32.obj
c:\users\mreid\desktop\tf2-internal-base-main\obj\hook.obj
c:\users\mreid\desktop\tf2-internal-base-main\obj\hde64.obj
c:\users\mreid\desktop\tf2-internal-base-main\obj\buffer.obj
c:\users\mreid\desktop\tf2-internal-base-main\obj\trampoline.obj
c:\users\mreid\desktop\tf2-internal-base-main\bin\copium.dll
c:\users\mreid\desktop\tf2-internal-base-main\obj\copium.iobj
c:\users\mreid\desktop\tf2-internal-base-main\bin\copium.pdb
c:\users\mreid\desktop\tf2-internal-base-main\\bin\copium.pdb
c:\users\mreid\desktop\tf2-internal-base-main\\obj\polonium_tf2.vcxproj.filelistabsolute.txt
c:\users\mreid\desktop\tf2-internal-base-main\obj\polonium_tf2.tlog\cl.command.1.tlog
c:\users\mreid\desktop\tf2-internal-base-main\obj\polonium_tf2.tlog\cl.read.1.tlog
c:\users\mreid\desktop\tf2-internal-base-main\obj\polonium_tf2.tlog\cl.write.1.tlog
c:\users\mreid\desktop\tf2-internal-base-main\obj\polonium_tf2.tlog\link.command.1.tlog
c:\users\mreid\desktop\tf2-internal-base-main\obj\polonium_tf2.tlog\link.read.1.tlog
c:\users\mreid\desktop\tf2-internal-base-main\obj\polonium_tf2.tlog\link.write.1.tlog
