  DllMain.cpp
  Entry.cpp
  Aimbot.cpp
  ESP.cpp
  Misc.cpp
  Prediction.cpp
  triggerbot.cpp
  Vars.cpp
  BaseEntity.cpp
  BasePlayer.cpp
  ClientEntityList.cpp
  ClientMode.cpp
  ClientPrediction.cpp
  Client.cpp
  CL_Main.cpp
  EngineClient.cpp
  EngineVGui.cpp
  Hooks.cpp
  HInput.cpp
  ModelRender.cpp
  NetChannel.cpp
  SequenceTransitioner.cpp
  TFPlayer.cpp
  TFWeaponBase.cpp
  VGuiPanel.cpp
  ViewRender.cpp
  WndProc.cpp
  ConVars.cpp
  netmessages.cpp
  cdll_util.cpp
  glow_outline_effect.cpp
  c_tf_player.cpp
  view_scene.cpp
  tf_weaponbase.cpp
  camera.cpp
  KeyValues.cpp
  SDK.cpp
  DrawManager.cpp
  bitmap.cpp
  imageformat.cpp
  Random.cpp
  info_key.cpp
  IVguiModule.h
  c_baseobject.cpp
  c_func_capture_zone.cpp
  c_tf_mvm_boss_progress_user.cpp
  tf_shareddefs.cpp
  usercmd.cpp
  util_shared.cpp
  3dnow.cpp
  anorms.cpp
  bumbvects.cpp
  color_conversion.cpp
  halton.cpp
  IceKey.cpp
  lightdesc.cpp
  mathlib_base.cpp
  polyhedron.cpp
  powsse.cpp
  randsse.cpp
  simdvectormatrix.cpp
  sparse_convolution_noise.cpp
  sse.cpp
  sseconst.cpp
  ssenoise.cpp
  vector.cpp
  vmatrix.cpp
  bone_accessor.cpp
  bone_setup.cpp
  client_class.cpp
  collisionutils.cpp
  dt_recv.cpp
  dt_utlvector_common.cpp
  interpolatortypes.cpp
  map_utils.cpp
  MaterialSystemUtil.cpp
  phonemeconverter.cpp
  simple_physics.cpp
  stringregistry.cpp
  studio.cpp
  studio_generic_io.cpp
  studio_virtualmodel.cpp
  toolframework.cpp
  bonelist.cpp
  UnicodeFileHelpers.cpp
  vallocator.cpp
  cpu.cpp
  cpumonitoring.cpp
  cpu_usage.cpp
  dynfunction.cpp
  fasttimer.cpp
  platform.cpp
  security.cpp
  systeminformation.cpp
  threadtools.cpp
  bitbuf.cpp
  byteswap.cpp
  characterset.cpp
  checksum_crc.cpp
  checksum_md5.cpp
  checksum_sha1.cpp
  convar.cpp
  datamanager.cpp
  generichash.cpp
C:\Users\mreid\Desktop\tf2-internal-base-main\SDK\hl2_src\tier0\cpumonitoring.cpp(26,1): warning C4005: 'NOMINMAX': macro redefinition
C:\Users\mreid\Desktop\tf2-internal-base-main\SDK\hl2_src\tier0\cpumonitoring.cpp(26,1): message : 'NOMINMAX' previously declared on the command line
  interface.cpp
  newbitbuf.cpp
  splitstring.cpp
  stringpool.cpp
  strtools.cpp
  strtools_unicode.cpp
  utlbinaryblock.cpp
  utlbuffer.cpp
  utlbufferutil.cpp
  utlstring.cpp
  utlsymbol.cpp
  camerautils.cpp
  keyvaluesmacros.cpp
  meshutils.cpp
  vconfig.cpp
  Interfaces.cpp
  NetVarManager.cpp
  Offsets.cpp
  Pattern.cpp
  VFunc.cpp
  buffer.c
  hde32.c
  hde64.c
  hook.c
  trampoline.c
  Generating code
  Not all modules are compiled with -Gy (function comdat), build without incremental LTCG.
  Finished generating code
  Polonium_TF2.vcxproj -> C:\Users\mreid\Desktop\tf2-internal-base-main\bin\Copium.dll
